<?xml version="1.0" encoding="UTF-8"?>
<!-- Generated by org.testng.reporters.JUnitXMLReporter -->
<testsuite hostname="DESKTOP-E239PRV" name="Default test" tests="5" failures="0" timestamp="30 Jun 2020 06:41:10 GMT" time="159.686" errors="0">
  <testcase name="verifyLoginpagetitle" time="9.078" classname="com.qa.hubspot.test.Lognpage"/>
  <testcase name="VerifySignupLink" time="10.223" classname="com.qa.hubspot.test.Lognpage"/>
  <testcase name="verifyFacebooklink" time="7.345" classname="com.qa.hubspot.test.Lognpage"/>
  <testcase name="verifySSOlinkinloginpage" time="8.76" classname="com.qa.hubspot.test.Lognpage"/>
  <testcase name="logintest" time="36.241" classname="com.qa.hubspot.test.Lognpage"/>
</testsuite> <!-- Default test -->
