<?xml version="1.0" encoding="UTF-8"?>
<!-- Generated by org.testng.reporters.JUnitXMLReporter -->
<testsuite hostname="DESKTOP-E239PRV" name="Default test" tests="4" failures="0" timestamp="25 Mar 2020 06:55:17 GMT" time="129.66" errors="0">
  <testcase name="verifyhomepagetitletest" time="0.033" classname="com.qa.hubspot.test.HomepageTest"/>
  <testcase name="verifyheaderpage" time="0.138" classname="com.qa.hubspot.test.HomepageTest"/>
  <testcase name="verifyaccountnamehomepage" time="2.284" classname="com.qa.hubspot.test.HomepageTest"/>
  <testcase name="verifyclickhomebutton" time="5.286" classname="com.qa.hubspot.test.HomepageTest"/>
</testsuite> <!-- Default test -->
